C51 COMPILER V9.54   KEYBOARD                                                              08/12/2023 15:35:36 PAGE 1   


C51 COMPILER V9.54, COMPILATION OF MODULE KEYBOARD
OBJECT MODULE PLACED IN .\Objects\keyboard.obj
COMPILER INVOKED BY: C:\Keil_v5\C51\BIN\C51.EXE keyboard.c OPTIMIZE(8,SPEED) BROWSE DEBUG OBJECTEXTEND PRINT(.\Listings\
                    -keyboard.lst) TABS(2) OBJECT(.\Objects\keyboard.obj)

line level    source

   1          #include "delay.h"
   2          #include "keyboard.h"
   3          
   4          unsigned char key_down(char id)
   5          {
   6   1        char line = 1;
   7   1        char col = 1;
   8   1        char cur_id = -1;
   9   1        while(1)
  10   1        {
  11   2          P1 = ~(1<<(4-line + 4));         //1111 1111
*** ERROR C202 IN LINE 11 OF keyboard.c: 'P1': undefined identifier
  12   2          char tmp = ~P1 & (1<<(4-line));
*** ERROR C141 IN LINE 12 OF keyboard.c: syntax error near 'char'
*** ERROR C202 IN LINE 12 OF keyboard.c: 'tmp': undefined identifier
  13   2          
  14   2          if(tmp == 8 || tmp == 4 || tmp == 2 || tmp == 1)
*** ERROR C202 IN LINE 14 OF keyboard.c: 'tmp': undefined identifier
  15   2          {
  16   3            delay(20);
  17   3            char a = ~P1 & (1<<(4-line));
*** ERROR C141 IN LINE 17 OF keyboard.c: syntax error near 'char'
*** ERROR C202 IN LINE 17 OF keyboard.c: 'a': undefined identifier
  18   3            while(tmp == a)
*** ERROR C202 IN LINE 18 OF keyboard.c: 'tmp': undefined identifier
  19   3              delay(20);
  20   3            switch(tmp)
*** ERROR C202 IN LINE 20 OF keyboard.c: 'tmp': undefined identifier
  21   3            {
  22   4              case 8:
  23   4                cur_id = line * 0;
  24   4              break;
  25   4              case 4:
  26   4                cue_id = line * 1;
*** ERROR C202 IN LINE 26 OF keyboard.c: 'cue_id': undefined identifier
  27   4              break;
  28   4              case 2:
  29   4                cue_id = line * 2;
*** ERROR C202 IN LINE 29 OF keyboard.c: 'cue_id': undefined identifier
  30   4              break;
  31   4              case 1:
  32   4                cue_id = line * 3;
*** ERROR C202 IN LINE 32 OF keyboard.c: 'cue_id': undefined identifier
  33   4              break;
  34   4              default:
  35   4                break;
  36   4            }
  37   3          }
  38   2          
  39   2          line++;
  40   2        }
  41   1        if(cur_id == id)
  42   1          return true;
*** ERROR C202 IN LINE 42 OF keyboard.c: 'true': undefined identifier
C51 COMPILER V9.54   KEYBOARD                                                              08/12/2023 15:35:36 PAGE 2   

  43   1        else
  44   1          return false;
*** ERROR C202 IN LINE 44 OF keyboard.c: 'false': undefined identifier
  45   1      }

C51 COMPILATION COMPLETE.  0 WARNING(S),  13 ERROR(S)
