C51 COMPILER V9.54   MAIN                                                                  08/13/2023 15:53:25 PAGE 1   


C51 COMPILER V9.54, COMPILATION OF MODULE MAIN
OBJECT MODULE PLACED IN .\Objects\main.obj
COMPILER INVOKED BY: C:\Keil_v5\C51\BIN\C51.EXE main.c OPTIMIZE(8,SPEED) BROWSE DEBUG OBJECTEXTEND PRINT(.\Listings\main
                    -.lst) TABS(2) OBJECT(.\Objects\main.obj)

line level    source

   1          #include <REGX52.H>
   2          #include "LCD1602.H"
   3          #include "uart.h"
   4          
   5          void _delayms(int ms)
   6          {
   7   1        while(ms--)
   8   1        {
   9   2            unsigned char i,j;
  10   2            i=2;
  11   2            j=239;
  12   2            do{
  13   3              while(--j);
  14   3            }while(--i);
  15   2        } 
  16   1      }
  17          
  18          void main()
  19          {
  20   1          LCD_Init();
  21   1          uart_init();
  22   1          P1 = 0X7F;    //0111 1111
  23   1          uart_send('h');
  24   1          while(1)
  25   1          {
  26   2      //        if(P1_3 == 0)
  27   2      //        {
  28   2      //          _delayms(20);
  29   2      //          while(P1_3 == 0)
  30   2      //            _delayms(20);
  31   2      //          LCD_ShowChar(1,1,'f');
  32   2      //        }
  33   2              
  34   2                  
  35   2          }
  36   1          
  37   1      }


MODULE INFORMATION:   STATIC OVERLAYABLE
   CODE SIZE        =     45    ----
   CONSTANT SIZE    =   ----    ----
   XDATA SIZE       =   ----    ----
   PDATA SIZE       =   ----    ----
   DATA SIZE        =   ----       2
   IDATA SIZE       =   ----    ----
   BIT SIZE         =   ----    ----
END OF MODULE INFORMATION.


C51 COMPILATION COMPLETE.  0 WARNING(S),  0 ERROR(S)
