C51 COMPILER V9.54   UART                                                                  08/13/2023 15:57:07 PAGE 1   


C51 COMPILER V9.54, COMPILATION OF MODULE UART
OBJECT MODULE PLACED IN .\Objects\uart.obj
COMPILER INVOKED BY: C:\Keil_v5\C51\BIN\C51.EXE uart.c OPTIMIZE(8,SPEED) BROWSE DEBUG OBJECTEXTEND PRINT(.\Listings\uart
                    -.lst) TABS(2) OBJECT(.\Objects\uart.obj)

line level    source

   1          #include "uart.h"
   2          #include <REGX52.H>
   3          
   4          void uart_init()
   5          {
   6   1        SCON=0X40;
   7   1        PCON |= 0X80;
   8   1        TMOD &= 0X0F;
   9   1        TMOD |= 0X20;
  10   1        TL1 = 0XF3;
  11   1        TH1 = 0XF3;
  12   1        ET1 = 0;
  13   1        TR1 = 1;
  14   1      }
  15          
  16          void uart_send(unsigned char c)
  17          {
*** WARNING C235 IN LINE 17 OF uart.c: parameter 1: different types
  18   1        SBUF = c;
  19   1        while(TI==0);
  20   1        TI=0;
  21   1      //  while(*str != '\0')
  22   1      //  {
  23   1      //    SBUF = *str;
  24   1      //    while(TI==0);
  25   1      //    TI=0;
  26   1      //    str++;
  27   1      //  }
  28   1      }


MODULE INFORMATION:   STATIC OVERLAYABLE
   CODE SIZE        =     31    ----
   CONSTANT SIZE    =   ----    ----
   XDATA SIZE       =   ----    ----
   PDATA SIZE       =   ----    ----
   DATA SIZE        =   ----    ----
   IDATA SIZE       =   ----    ----
   BIT SIZE         =   ----    ----
END OF MODULE INFORMATION.


C51 COMPILATION COMPLETE.  1 WARNING(S),  0 ERROR(S)
