C51 COMPILER V9.54   MAIN                                                                  07/16/2023 15:44:01 PAGE 1   


C51 COMPILER V9.54, COMPILATION OF MODULE MAIN
OBJECT MODULE PLACED IN .\Objects\main.obj
COMPILER INVOKED BY: C:\Keil_v5\C51\BIN\C51.EXE main.c OPTIMIZE(8,SPEED) BROWSE DEBUG OBJECTEXTEND PRINT(.\Listings\main
                    -.lst) TABS(2) OBJECT(.\Objects\main.obj)

line level    source

   1          #include <REGX52.H>
   2          
   3          void _delayms(int ms)
   4          {
   5   1        while(ms--)
   6   1        {
   7   2            unsigned char i,j;
   8   2            i=2;
   9   2            j=239;
  10   2            do{
  11   3              while(--j);
  12   3            }while(--i);
  13   2        } 
  14   1      }
  15          
  16          void main()
  17          {
  18   1        int num = 0;
  19   1        while(1)
  20   1        {
  21   2          P2 = (1 << num);
  22   2          _delayms(500);
  23   2          num++;
  24   2          if(num > 7)
  25   2            num = 0;
  26   2        }
  27   1      }


MODULE INFORMATION:   STATIC OVERLAYABLE
   CODE SIZE        =     71    ----
   CONSTANT SIZE    =   ----    ----
   XDATA SIZE       =   ----    ----
   PDATA SIZE       =   ----    ----
   DATA SIZE        =   ----       2
   IDATA SIZE       =   ----    ----
   BIT SIZE         =   ----    ----
END OF MODULE INFORMATION.


C51 COMPILATION COMPLETE.  0 WARNING(S),  0 ERROR(S)
