C51 COMPILER V9.54   MAIN                                                                  07/17/2023 23:05:41 PAGE 1   


C51 COMPILER V9.54, COMPILATION OF MODULE MAIN
OBJECT MODULE PLACED IN .\Objects\main.obj
COMPILER INVOKED BY: C:\Keil_v5\C51\BIN\C51.EXE main.c OPTIMIZE(8,SPEED) BROWSE DEBUG OBJECTEXTEND PRINT(.\Listings\main
                    -.lst) TABS(2) OBJECT(.\Objects\main.obj)

line level    source

   1          #include <REGX52.H>
   2          
   3          void _delayms(int ms)
   4          {
   5   1        while(ms--)
   6   1        {
   7   2            unsigned char i,j;
   8   2            i=2;
   9   2            j=239;
  10   2            do{
  11   3              while(--j);
  12   3            }while(--i);
  13   2        } 
  14   1      }
  15          
  16          void main()
  17          {
  18   1        int num = 0;
  19   1        while(1)
  20   1        {
  21   2          P2 = 0x1c;           //0001 1100
  22   2          P0 = 0x30;      //0011 0000
  23   2          _delayms(5);
  24   2          P2 = 0x18;           //0001 1000
  25   2          P0 = 0x5b;      //0101 1011
  26   2          _delayms(5);
  27   2        }
  28   1      }


MODULE INFORMATION:   STATIC OVERLAYABLE
   CODE SIZE        =     58    ----
   CONSTANT SIZE    =   ----    ----
   XDATA SIZE       =   ----    ----
   PDATA SIZE       =   ----    ----
   DATA SIZE        =   ----       4
   IDATA SIZE       =   ----    ----
   BIT SIZE         =   ----    ----
END OF MODULE INFORMATION.


C51 COMPILATION COMPLETE.  0 WARNING(S),  0 ERROR(S)
